1612891898315	geckodriver	INFO	Listening on 127.0.0.1:38925
1612891898319	mozrunner::runner	INFO	Running command: "/usr/bin/firefox" "--marionette" "-foreground" "-no-remote" "-profile" "/tmp/rust_mozprofileq8QcmT"
console.info: MINT: Trying to use the system region (based on LANG).
console.info: MINT: System region is FR
console.warn: SearchSettings: "get: No settings file exists, new profile?" (new Error("", "(unknown module)"))
console.info: MINT: Loading search-config defaults.
JavaScript error: resource://gre/modules/TelemetryUtils.jsm, line 159: TypeError: date is undefined
1612891901502	Marionette	INFO	Listening on port 34523
1612891901593	Marionette	WARN	TLS certificate errors will be ignored for this session
1612891905012	Marionette	INFO	Stopped listening on port 34523
1612892278424	geckodriver	INFO	Listening on 127.0.0.1:46535
1612892278431	mozrunner::runner	INFO	Running command: "/usr/bin/firefox" "--marionette" "-foreground" "-no-remote" "-profile" "/tmp/rust_mozprofile9U39ht"
console.info: MINT: Trying to use the system region (based on LANG).
console.info: MINT: System region is FR
console.warn: SearchSettings: "get: No settings file exists, new profile?" (new Error("", "(unknown module)"))
console.info: MINT: Loading search-config defaults.
JavaScript error: resource://gre/modules/TelemetryUtils.jsm, line 159: TypeError: date is undefined
1612892280907	Marionette	INFO	Listening on port 33469
1612892280971	Marionette	WARN	TLS certificate errors will be ignored for this session
1612892296561	Marionette	INFO	Stopped listening on port 33469
1612892307467	geckodriver	INFO	Listening on 127.0.0.1:41535
1612892307470	mozrunner::runner	INFO	Running command: "/usr/bin/firefox" "--marionette" "-foreground" "-no-remote" "-profile" "/tmp/rust_mozprofile9cxLXT"
console.info: MINT: Trying to use the system region (based on LANG).
console.info: MINT: System region is FR
console.warn: SearchSettings: "get: No settings file exists, new profile?" (new Error("", "(unknown module)"))
console.info: MINT: Loading search-config defaults.
JavaScript error: resource://gre/modules/TelemetryUtils.jsm, line 159: TypeError: date is undefined
1612892310079	Marionette	INFO	Listening on port 39413
1612892310145	Marionette	WARN	TLS certificate errors will be ignored for this session
IPDL protocol error: Handler returned error code!

###!!! [Parent][DispatchAsyncMessage] Error: PLayerTransaction::Msg_ReleaseLayer Processing error: message was deserialized, but the handler returned false (indicating failure)

IPDL protocol error: Handler returned error code!

###!!! [Parent][DispatchAsyncMessage] Error: PLayerTransaction::Msg_ReleaseLayer Processing error: message was deserialized, but the handler returned false (indicating failure)

1612892314561	Marionette	INFO	Stopped listening on port 39413
1612892342526	geckodriver	INFO	Listening on 127.0.0.1:39439
1612892342529	mozrunner::runner	INFO	Running command: "/usr/bin/firefox" "--marionette" "-foreground" "-no-remote" "-profile" "/tmp/rust_mozprofilebzM9FU"
console.info: MINT: Trying to use the system region (based on LANG).
console.info: MINT: System region is FR
console.warn: SearchSettings: "get: No settings file exists, new profile?" (new Error("", "(unknown module)"))
console.info: MINT: Loading search-config defaults.
JavaScript error: resource://gre/modules/TelemetryUtils.jsm, line 159: TypeError: date is undefined
1612892345360	Marionette	INFO	Listening on port 36033
1612892345482	Marionette	WARN	TLS certificate errors will be ignored for this session

(firefox:4725): GLib-GObject-WARNING **: 18:39:13.040: ../../../../gobject/gsignal.c:3492: signal name 'load_complete' is invalid for instance '0x7f47eca378d0' of type 'MaiAtkType21'
1612892355157	Marionette	INFO	Stopped listening on port 36033
1612892652019	geckodriver	INFO	Listening on 127.0.0.1:34479
1612892652034	mozrunner::runner	INFO	Running command: "/usr/bin/firefox" "--marionette" "-foreground" "-no-remote" "-profile" "/tmp/rust_mozprofilesMaMW6"
console.info: MINT: Trying to use the system region (based on LANG).
console.info: MINT: System region is FR
console.warn: SearchSettings: "get: No settings file exists, new profile?" (new Error("", "(unknown module)"))
console.info: MINT: Loading search-config defaults.
JavaScript error: resource://gre/modules/TelemetryUtils.jsm, line 159: TypeError: date is undefined
1612892654609	Marionette	INFO	Listening on port 35939
1612892654677	Marionette	WARN	TLS certificate errors will be ignored for this session
1612892659050	Marionette	INFO	Stopped listening on port 35939

###!!! [Parent][RunMessage] Error: Channel closing: too late to send/recv, messages will be lost

1612892726719	geckodriver	INFO	Listening on 127.0.0.1:33289
1612892726722	mozrunner::runner	INFO	Running command: "/usr/bin/firefox" "--marionette" "-foreground" "-no-remote" "-profile" "/tmp/rust_mozprofileh2OuYg"
console.info: MINT: Trying to use the system region (based on LANG).
console.info: MINT: System region is FR
console.warn: SearchSettings: "get: No settings file exists, new profile?" (new Error("", "(unknown module)"))
console.info: MINT: Loading search-config defaults.
JavaScript error: resource://gre/modules/TelemetryUtils.jsm, line 159: TypeError: date is undefined
1612892729195	Marionette	INFO	Listening on port 37439
1612892729282	Marionette	WARN	TLS certificate errors will be ignored for this session
1612892734348	Marionette	INFO	Stopped listening on port 37439
1612892776604	geckodriver	INFO	Listening on 127.0.0.1:52773
1612892776608	mozrunner::runner	INFO	Running command: "/usr/bin/firefox" "--marionette" "-foreground" "-no-remote" "-profile" "/tmp/rust_mozprofileQVEe1v"
console.info: MINT: Trying to use the system region (based on LANG).
console.info: MINT: System region is FR
console.warn: SearchSettings: "get: No settings file exists, new profile?" (new Error("", "(unknown module)"))
console.info: MINT: Loading search-config defaults.
JavaScript error: resource://gre/modules/TelemetryUtils.jsm, line 159: TypeError: date is undefined
1612892779245	Marionette	INFO	Listening on port 39599
1612892779387	Marionette	WARN	TLS certificate errors will be ignored for this session
1612892802576	Marionette	INFO	Stopped listening on port 39599
1612892838892	geckodriver	INFO	Listening on 127.0.0.1:53107
1612892838896	mozrunner::runner	INFO	Running command: "/usr/bin/firefox" "--marionette" "-foreground" "-no-remote" "-profile" "/tmp/rust_mozprofilek4LMpf"
console.info: MINT: Trying to use the system region (based on LANG).
console.info: MINT: System region is FR
console.warn: SearchSettings: "get: No settings file exists, new profile?" (new Error("", "(unknown module)"))
console.info: MINT: Loading search-config defaults.
JavaScript error: resource://gre/modules/TelemetryUtils.jsm, line 159: TypeError: date is undefined
1612892841450	Marionette	INFO	Listening on port 39425
1612892841570	Marionette	WARN	TLS certificate errors will be ignored for this session
1612892845982	Marionette	INFO	Stopped listening on port 39425
1612892939426	geckodriver	INFO	Listening on 127.0.0.1:54077
1612892939430	mozrunner::runner	INFO	Running command: "/usr/bin/firefox" "--marionette" "-foreground" "-no-remote" "-profile" "/tmp/rust_mozprofileSeCF6A"
console.info: MINT: Trying to use the system region (based on LANG).
console.info: MINT: System region is FR
console.warn: SearchSettings: "get: No settings file exists, new profile?" (new Error("", "(unknown module)"))
console.info: MINT: Loading search-config defaults.
JavaScript error: resource://gre/modules/TelemetryUtils.jsm, line 159: TypeError: date is undefined
1612892942161	Marionette	INFO	Listening on port 41539
1612892942272	Marionette	WARN	TLS certificate errors will be ignored for this session
1612892946989	Marionette	INFO	Stopped listening on port 41539

###!!! [Parent][RunMessage] Error: Channel closing: too late to send/recv, messages will be lost

1612892954974	geckodriver	INFO	Listening on 127.0.0.1:41279
1612892954978	mozrunner::runner	INFO	Running command: "/usr/bin/firefox" "--marionette" "-foreground" "-no-remote" "-profile" "/tmp/rust_mozprofileBYV0U7"
console.info: MINT: Trying to use the system region (based on LANG).
console.info: MINT: System region is FR
console.warn: SearchSettings: "get: No settings file exists, new profile?" (new Error("", "(unknown module)"))
console.info: MINT: Loading search-config defaults.
JavaScript error: resource://gre/modules/TelemetryUtils.jsm, line 159: TypeError: date is undefined
1612892959108	Marionette	INFO	Listening on port 40443
1612892959139	Marionette	WARN	TLS certificate errors will be ignored for this session
1612892960995	Marionette	INFO	Stopped listening on port 40443

###!!! [Parent][RunMessage] Error: Channel closing: too late to send/recv, messages will be lost

1612892967425	geckodriver	INFO	Listening on 127.0.0.1:39857
1612892967428	mozrunner::runner	INFO	Running command: "/usr/bin/firefox" "--marionette" "-foreground" "-no-remote" "-profile" "/tmp/rust_mozprofileZtNGfu"
console.info: MINT: Trying to use the system region (based on LANG).
console.info: MINT: System region is FR
console.warn: SearchSettings: "get: No settings file exists, new profile?" (new Error("", "(unknown module)"))
console.info: MINT: Loading search-config defaults.
JavaScript error: resource://gre/modules/TelemetryUtils.jsm, line 159: TypeError: date is undefined
1612892969841	Marionette	INFO	Listening on port 43443
1612892969898	Marionette	WARN	TLS certificate errors will be ignored for this session
1612892979191	Marionette	INFO	Stopped listening on port 43443

###!!! [Parent][RunMessage] Error: Channel closing: too late to send/recv, messages will be lost

1612893281314	geckodriver	INFO	Listening on 127.0.0.1:46619
1612893281318	mozrunner::runner	INFO	Running command: "/usr/bin/firefox" "--marionette" "-foreground" "-no-remote" "-profile" "/tmp/rust_mozprofileQakHBl"
console.info: MINT: Trying to use the system region (based on LANG).
console.info: MINT: System region is FR
console.warn: SearchSettings: "get: No settings file exists, new profile?" (new Error("", "(unknown module)"))
console.info: MINT: Loading search-config defaults.
JavaScript error: resource://gre/modules/TelemetryUtils.jsm, line 159: TypeError: date is undefined
1612893283876	Marionette	INFO	Listening on port 33959
1612893283974	Marionette	WARN	TLS certificate errors will be ignored for this session
1612893290444	Marionette	INFO	Stopped listening on port 33959

###!!! [Parent][RunMessage] Error: Channel closing: too late to send/recv, messages will be lost

1612893308976	geckodriver	INFO	Listening on 127.0.0.1:60759
1612893308979	mozrunner::runner	INFO	Running command: "/usr/bin/firefox" "--marionette" "-foreground" "-no-remote" "-profile" "/tmp/rust_mozprofileGcJv5D"
console.info: MINT: Trying to use the system region (based on LANG).
console.info: MINT: System region is FR
console.warn: SearchSettings: "get: No settings file exists, new profile?" (new Error("", "(unknown module)"))
console.info: MINT: Loading search-config defaults.
JavaScript error: resource://gre/modules/TelemetryUtils.jsm, line 159: TypeError: date is undefined
1612893311725	Marionette	INFO	Listening on port 41241
1612893311831	Marionette	WARN	TLS certificate errors will be ignored for this session
JavaScript error: chrome://browser/content/browser-customization.js, line 166: NS_ERROR_NOT_INITIALIZED: 
1612893333258	Marionette	INFO	Stopped listening on port 41241
1612893351194	geckodriver	INFO	Listening on 127.0.0.1:34207
1612893351198	mozrunner::runner	INFO	Running command: "/usr/bin/firefox" "--marionette" "-foreground" "-no-remote" "-profile" "/tmp/rust_mozprofiletuTPKH"
console.info: MINT: Trying to use the system region (based on LANG).
console.info: MINT: System region is FR
console.warn: SearchSettings: "get: No settings file exists, new profile?" (new Error("", "(unknown module)"))
console.info: MINT: Loading search-config defaults.
JavaScript error: resource://gre/modules/TelemetryUtils.jsm, line 159: TypeError: date is undefined
1612893353652	Marionette	INFO	Listening on port 45001
1612893353737	Marionette	WARN	TLS certificate errors will be ignored for this session
1612893381536	geckodriver	INFO	Listening on 127.0.0.1:39649
1612893381539	mozrunner::runner	INFO	Running command: "/usr/bin/firefox" "--marionette" "-foreground" "-no-remote" "-profile" "/tmp/rust_mozprofilebGIFJo"
console.info: MINT: Trying to use the system region (based on LANG).
console.info: MINT: System region is FR
console.warn: SearchSettings: "get: No settings file exists, new profile?" (new Error("", "(unknown module)"))
console.info: MINT: Loading search-config defaults.
JavaScript error: resource://gre/modules/TelemetryUtils.jsm, line 159: TypeError: date is undefined
1612893384109	Marionette	INFO	Listening on port 38589
1612893384182	Marionette	WARN	TLS certificate errors will be ignored for this session
1612893388687	Marionette	INFO	Stopped listening on port 38589

###!!! [Parent][RunMessage] Error: Channel closing: too late to send/recv, messages will be lost

1612893407540	geckodriver	INFO	Listening on 127.0.0.1:48835
1612893407543	mozrunner::runner	INFO	Running command: "/usr/bin/firefox" "--marionette" "-foreground" "-no-remote" "-profile" "/tmp/rust_mozprofiley1gtdo"
console.info: MINT: Trying to use the system region (based on LANG).
console.info: MINT: System region is FR
console.warn: SearchSettings: "get: No settings file exists, new profile?" (new Error("", "(unknown module)"))
console.info: MINT: Loading search-config defaults.
JavaScript error: resource://gre/modules/TelemetryUtils.jsm, line 159: TypeError: date is undefined
1612893410129	Marionette	INFO	Listening on port 36961
1612893410220	Marionette	WARN	TLS certificate errors will be ignored for this session
1612893419961	Marionette	INFO	Stopped listening on port 36961
1612893503115	Marionette	INFO	Stopped listening on port 45001
1612893514056	geckodriver	INFO	Listening on 127.0.0.1:42677
1612893514060	mozrunner::runner	INFO	Running command: "/usr/bin/firefox" "--marionette" "-foreground" "-no-remote" "-profile" "/tmp/rust_mozprofileGv6LhA"
console.info: MINT: Trying to use the system region (based on LANG).
console.info: MINT: System region is FR
console.warn: SearchSettings: "get: No settings file exists, new profile?" (new Error("", "(unknown module)"))
console.info: MINT: Loading search-config defaults.
JavaScript error: resource://gre/modules/TelemetryUtils.jsm, line 159: TypeError: date is undefined
1612893516754	Marionette	INFO	Listening on port 44421
1612893516807	Marionette	WARN	TLS certificate errors will be ignored for this session
1612893524735	Marionette	INFO	Stopped listening on port 44421
1612893543493	geckodriver	INFO	Listening on 127.0.0.1:50893
1612893543497	mozrunner::runner	INFO	Running command: "/usr/bin/firefox" "--marionette" "-foreground" "-no-remote" "-profile" "/tmp/rust_mozprofile8bkD5D"
console.info: MINT: Trying to use the system region (based on LANG).
console.info: MINT: System region is FR
console.warn: SearchSettings: "get: No settings file exists, new profile?" (new Error("", "(unknown module)"))
console.info: MINT: Loading search-config defaults.
JavaScript error: resource://gre/modules/TelemetryUtils.jsm, line 159: TypeError: date is undefined
1612893546058	Marionette	INFO	Listening on port 44737
1612893546142	Marionette	WARN	TLS certificate errors will be ignored for this session
1612893551372	Marionette	INFO	Stopped listening on port 44737
1612893615753	geckodriver	INFO	Listening on 127.0.0.1:43833
1612893615757	mozrunner::runner	INFO	Running command: "/usr/bin/firefox" "--marionette" "-foreground" "-no-remote" "-profile" "/tmp/rust_mozprofileUHX8ly"
console.info: MINT: Trying to use the system region (based on LANG).
console.info: MINT: System region is FR
console.warn: SearchSettings: "get: No settings file exists, new profile?" (new Error("", "(unknown module)"))
console.info: MINT: Loading search-config defaults.
JavaScript error: resource://gre/modules/TelemetryUtils.jsm, line 159: TypeError: date is undefined
1612893618228	Marionette	INFO	Listening on port 39415
1612893618299	Marionette	WARN	TLS certificate errors will be ignored for this session
1612893629752	Marionette	INFO	Stopped listening on port 39415

###!!! [Parent][RunMessage] Error: Channel closing: too late to send/recv, messages will be lost

1612893639050	geckodriver	INFO	Listening on 127.0.0.1:47147
1612893639080	mozrunner::runner	INFO	Running command: "/usr/bin/firefox" "--marionette" "-foreground" "-no-remote" "-profile" "/tmp/rust_mozprofilerQ9z07"
console.info: MINT: Trying to use the system region (based on LANG).
console.info: MINT: System region is FR
console.warn: SearchSettings: "get: No settings file exists, new profile?" (new Error("", "(unknown module)"))
console.info: MINT: Loading search-config defaults.
JavaScript error: resource://gre/modules/TelemetryUtils.jsm, line 159: TypeError: date is undefined
1612893641566	Marionette	INFO	Listening on port 43545
1612893641628	Marionette	WARN	TLS certificate errors will be ignored for this session
1612893648136	Marionette	INFO	Stopped listening on port 43545

###!!! [Parent][RunMessage] Error: Channel closing: too late to send/recv, messages will be lost

1612893758652	geckodriver	INFO	Listening on 127.0.0.1:42241
1612893758656	mozrunner::runner	INFO	Running command: "/usr/bin/firefox" "--marionette" "-foreground" "-no-remote" "-profile" "/tmp/rust_mozprofileVKNQkt"
console.info: MINT: Trying to use the system region (based on LANG).
console.info: MINT: System region is FR
console.warn: SearchSettings: "get: No settings file exists, new profile?" (new Error("", "(unknown module)"))
console.info: MINT: Loading search-config defaults.
JavaScript error: resource://gre/modules/TelemetryUtils.jsm, line 159: TypeError: date is undefined
1612893761489	Marionette	INFO	Listening on port 44627
1612893761592	Marionette	WARN	TLS certificate errors will be ignored for this session
1612893770493	Marionette	INFO	Stopped listening on port 44627
1612893829264	geckodriver	INFO	Listening on 127.0.0.1:40431
1612893829268	mozrunner::runner	INFO	Running command: "/usr/bin/firefox" "--marionette" "-foreground" "-no-remote" "-profile" "/tmp/rust_mozprofile4cURXB"
console.info: MINT: Trying to use the system region (based on LANG).
console.info: MINT: System region is FR
console.warn: SearchSettings: "get: No settings file exists, new profile?" (new Error("", "(unknown module)"))
console.info: MINT: Loading search-config defaults.
JavaScript error: resource://gre/modules/TelemetryUtils.jsm, line 159: TypeError: date is undefined
1612893831932	Marionette	INFO	Listening on port 44213
1612893832025	Marionette	WARN	TLS certificate errors will be ignored for this session
1612893835696	Marionette	INFO	Stopped listening on port 44213
1612893844177	geckodriver	INFO	Listening on 127.0.0.1:39681
1612893844180	mozrunner::runner	INFO	Running command: "/usr/bin/firefox" "--marionette" "-foreground" "-no-remote" "-profile" "/tmp/rust_mozprofile6ev0VC"
console.info: MINT: Trying to use the system region (based on LANG).
console.info: MINT: System region is FR
console.warn: SearchSettings: "get: No settings file exists, new profile?" (new Error("", "(unknown module)"))
console.info: MINT: Loading search-config defaults.
JavaScript error: resource://gre/modules/TelemetryUtils.jsm, line 159: TypeError: date is undefined
1612893847108	Marionette	INFO	Listening on port 33673
1612893847221	Marionette	WARN	TLS certificate errors will be ignored for this session
1612893853017	Marionette	INFO	Stopped listening on port 33673
1612893877362	geckodriver	INFO	Listening on 127.0.0.1:42263
1612893877366	mozrunner::runner	INFO	Running command: "/usr/bin/firefox" "--marionette" "-foreground" "-no-remote" "-profile" "/tmp/rust_mozprofileuxQVnD"
console.info: MINT: Trying to use the system region (based on LANG).
console.info: MINT: System region is FR
console.warn: SearchSettings: "get: No settings file exists, new profile?" (new Error("", "(unknown module)"))
console.info: MINT: Loading search-config defaults.
JavaScript error: resource://gre/modules/TelemetryUtils.jsm, line 159: TypeError: date is undefined
1612893880060	Marionette	INFO	Listening on port 36369
1612893880197	Marionette	WARN	TLS certificate errors will be ignored for this session
1612893885634	Marionette	INFO	Stopped listening on port 36369
1612893895943	geckodriver	INFO	Listening on 127.0.0.1:38325
1612893895947	mozrunner::runner	INFO	Running command: "/usr/bin/firefox" "--marionette" "-foreground" "-no-remote" "-profile" "/tmp/rust_mozprofileTexbk4"
console.info: MINT: Trying to use the system region (based on LANG).
console.info: MINT: System region is FR
console.warn: SearchSettings: "get: No settings file exists, new profile?" (new Error("", "(unknown module)"))
console.info: MINT: Loading search-config defaults.
JavaScript error: resource://gre/modules/TelemetryUtils.jsm, line 159: TypeError: date is undefined
1612893899148	Marionette	INFO	Listening on port 34613
1612893899207	Marionette	WARN	TLS certificate errors will be ignored for this session
1612893928456	Marionette	INFO	Stopped listening on port 34613
1612893931128	geckodriver	INFO	Listening on 127.0.0.1:50531
1612893931131	mozrunner::runner	INFO	Running command: "/usr/bin/firefox" "--marionette" "-foreground" "-no-remote" "-profile" "/tmp/rust_mozprofile3jPDTM"
console.info: MINT: Trying to use the system region (based on LANG).
console.info: MINT: System region is FR
console.warn: SearchSettings: "get: No settings file exists, new profile?" (new Error("", "(unknown module)"))
console.info: MINT: Loading search-config defaults.
JavaScript error: resource://gre/modules/TelemetryUtils.jsm, line 159: TypeError: date is undefined
1612893933985	Marionette	INFO	Listening on port 34471
1612893934083	Marionette	WARN	TLS certificate errors will be ignored for this session
1612893939974	Marionette	INFO	Stopped listening on port 34471
1612893952334	geckodriver	INFO	Listening on 127.0.0.1:37501
1612893952338	mozrunner::runner	INFO	Running command: "/usr/bin/firefox" "--marionette" "-foreground" "-no-remote" "-profile" "/tmp/rust_mozprofileCXXTII"
console.info: MINT: Trying to use the system region (based on LANG).
console.info: MINT: System region is FR
console.warn: SearchSettings: "get: No settings file exists, new profile?" (new Error("", "(unknown module)"))
console.info: MINT: Loading search-config defaults.
JavaScript error: resource://gre/modules/TelemetryUtils.jsm, line 159: TypeError: date is undefined
1612893955181	Marionette	INFO	Listening on port 42559
1612893955295	Marionette	WARN	TLS certificate errors will be ignored for this session
1612893958865	Marionette	INFO	Stopped listening on port 42559
1612894068223	geckodriver	INFO	Listening on 127.0.0.1:58767
1612894068227	mozrunner::runner	INFO	Running command: "/usr/bin/firefox" "--marionette" "-foreground" "-no-remote" "-profile" "/tmp/rust_mozprofile31Grop"
console.info: MINT: Trying to use the system region (based on LANG).
console.info: MINT: System region is FR
console.warn: SearchSettings: "get: No settings file exists, new profile?" (new Error("", "(unknown module)"))
console.info: MINT: Loading search-config defaults.
JavaScript error: resource://gre/modules/TelemetryUtils.jsm, line 159: TypeError: date is undefined
1612894070756	Marionette	INFO	Listening on port 42147
1612894070897	Marionette	WARN	TLS certificate errors will be ignored for this session
1612894075424	Marionette	INFO	Stopped listening on port 42147
1612894085074	geckodriver	INFO	Listening on 127.0.0.1:37745
1612894085077	mozrunner::runner	INFO	Running command: "/usr/bin/firefox" "--marionette" "-foreground" "-no-remote" "-profile" "/tmp/rust_mozprofilenLkd5i"
console.info: MINT: Trying to use the system region (based on LANG).
console.info: MINT: System region is FR
console.warn: SearchSettings: "get: No settings file exists, new profile?" (new Error("", "(unknown module)"))
console.info: MINT: Loading search-config defaults.
JavaScript error: resource://gre/modules/TelemetryUtils.jsm, line 159: TypeError: date is undefined
1612894090954	Marionette	INFO	Listening on port 39011
1612894091028	Marionette	WARN	TLS certificate errors will be ignored for this session
1612894094976	Marionette	INFO	Stopped listening on port 39011
1612894117535	geckodriver	INFO	Listening on 127.0.0.1:46579
1612894117538	mozrunner::runner	INFO	Running command: "/usr/bin/firefox" "--marionette" "-foreground" "-no-remote" "-profile" "/tmp/rust_mozprofilerz98FV"
console.info: MINT: Trying to use the system region (based on LANG).
console.info: MINT: System region is FR
console.warn: SearchSettings: "get: No settings file exists, new profile?" (new Error("", "(unknown module)"))
console.info: MINT: Loading search-config defaults.
JavaScript error: resource://gre/modules/TelemetryUtils.jsm, line 159: TypeError: date is undefined
1612894120235	Marionette	INFO	Listening on port 34317
1612894120294	Marionette	WARN	TLS certificate errors will be ignored for this session
1612894127561	Marionette	INFO	Stopped listening on port 34317
1612894252463	geckodriver	INFO	Listening on 127.0.0.1:34071
1612894252467	mozrunner::runner	INFO	Running command: "/usr/bin/firefox" "--marionette" "-foreground" "-no-remote" "-profile" "/tmp/rust_mozprofileYRr8EW"
console.info: MINT: Trying to use the system region (based on LANG).
console.info: MINT: System region is FR
console.warn: SearchSettings: "get: No settings file exists, new profile?" (new Error("", "(unknown module)"))
console.info: MINT: Loading search-config defaults.
JavaScript error: resource://gre/modules/TelemetryUtils.jsm, line 159: TypeError: date is undefined
1612894255008	Marionette	INFO	Listening on port 36091
1612894255104	Marionette	WARN	TLS certificate errors will be ignored for this session
1612894259826	Marionette	INFO	Stopped listening on port 36091
1612894296058	geckodriver	INFO	Listening on 127.0.0.1:33029
1612894296075	mozrunner::runner	INFO	Running command: "/usr/bin/firefox" "--marionette" "-foreground" "-no-remote" "-profile" "/tmp/rust_mozprofileo7t31D"
console.info: MINT: Trying to use the system region (based on LANG).
console.info: MINT: System region is FR
console.warn: SearchSettings: "get: No settings file exists, new profile?" (new Error("", "(unknown module)"))
console.info: MINT: Loading search-config defaults.
JavaScript error: resource://gre/modules/TelemetryUtils.jsm, line 159: TypeError: date is undefined
1612894298561	Marionette	INFO	Listening on port 42127
1612894298619	Marionette	WARN	TLS certificate errors will be ignored for this session
1612894302071	Marionette	INFO	Stopped listening on port 42127

###!!! [Parent][RunMessage] Error: Channel closing: too late to send/recv, messages will be lost

1612894307963	geckodriver	INFO	Listening on 127.0.0.1:52757
1612894307966	mozrunner::runner	INFO	Running command: "/usr/bin/firefox" "--marionette" "-foreground" "-no-remote" "-profile" "/tmp/rust_mozprofileFlQENJ"
console.info: MINT: Trying to use the system region (based on LANG).
console.info: MINT: System region is FR
console.warn: SearchSettings: "get: No settings file exists, new profile?" (new Error("", "(unknown module)"))
console.info: MINT: Loading search-config defaults.
JavaScript error: resource://gre/modules/TelemetryUtils.jsm, line 159: TypeError: date is undefined
1612894310476	Marionette	INFO	Listening on port 35791
1612894310512	Marionette	WARN	TLS certificate errors will be ignored for this session
1612894325403	Marionette	INFO	Stopped listening on port 35791

###!!! [Parent][RunMessage] Error: Channel closing: too late to send/recv, messages will be lost

1612894327707	geckodriver	INFO	Listening on 127.0.0.1:48523
1612894327710	mozrunner::runner	INFO	Running command: "/usr/bin/firefox" "--marionette" "-foreground" "-no-remote" "-profile" "/tmp/rust_mozprofileFUSdAC"
console.info: MINT: Trying to use the system region (based on LANG).
console.info: MINT: System region is FR
console.warn: SearchSettings: "get: No settings file exists, new profile?" (new Error("", "(unknown module)"))
console.info: MINT: Loading search-config defaults.
JavaScript error: resource://gre/modules/TelemetryUtils.jsm, line 159: TypeError: date is undefined
1612894330430	Marionette	INFO	Listening on port 36155
1612894330513	Marionette	WARN	TLS certificate errors will be ignored for this session
1612894336329	Marionette	INFO	Stopped listening on port 36155
